Determining if the pthread_create exist failed with the following output:
Change Dir: /home/freg/ros/workspace/build/CMakeFiles/CMakeTmp

Run Build Command:/usr/bin/make "cmTryCompileExec3016066296/fast"
/usr/bin/make -f CMakeFiles/cmTryCompileExec3016066296.dir/build.make CMakeFiles/cmTryCompileExec3016066296.dir/build
make[1]: Entering directory `/home/freg/ros/workspace/build/CMakeFiles/CMakeTmp'
/usr/bin/cmake -E cmake_progress_report /home/freg/ros/workspace/build/CMakeFiles/CMakeTmp/CMakeFiles 1
Building C object CMakeFiles/cmTryCompileExec3016066296.dir/CheckSymbolExists.c.o
/usr/bin/cc    -o CMakeFiles/cmTryCompileExec3016066296.dir/CheckSymbolExists.c.o   -c /home/freg/ros/workspace/build/CMakeFiles/CMakeTmp/CheckSymbolExists.c
Linking C executable cmTryCompileExec3016066296
/usr/bin/cmake -E cmake_link_script CMakeFiles/cmTryCompileExec3016066296.dir/link.txt --verbose=1
/usr/bin/cc       CMakeFiles/cmTryCompileExec3016066296.dir/CheckSymbolExists.c.o  -o cmTryCompileExec3016066296 -rdynamic 
CMakeFiles/cmTryCompileExec3016066296.dir/CheckSymbolExists.c.o: In function `main':
CheckSymbolExists.c:(.text+0x16): undefined reference to `pthread_create'
collect2: error: ld returned 1 exit status
make[1]: *** [cmTryCompileExec3016066296] Error 1
make[1]: Leaving directory `/home/freg/ros/workspace/build/CMakeFiles/CMakeTmp'
make: *** [cmTryCompileExec3016066296/fast] Error 2

File /home/freg/ros/workspace/build/CMakeFiles/CMakeTmp/CheckSymbolExists.c:
/* */
#include <pthread.h>

int main(int argc, char** argv)
{
  (void)argv;
#ifndef pthread_create
  return ((int*)(&pthread_create))[argc];
#else
  (void)argc;
  return 0;
#endif
}

Determining if the function pthread_create exists in the pthreads failed with the following output:
Change Dir: /home/freg/ros/workspace/build/CMakeFiles/CMakeTmp

Run Build Command:/usr/bin/make "cmTryCompileExec2625343218/fast"
/usr/bin/make -f CMakeFiles/cmTryCompileExec2625343218.dir/build.make CMakeFiles/cmTryCompileExec2625343218.dir/build
make[1]: Entering directory `/home/freg/ros/workspace/build/CMakeFiles/CMakeTmp'
/usr/bin/cmake -E cmake_progress_report /home/freg/ros/workspace/build/CMakeFiles/CMakeTmp/CMakeFiles 1
Building C object CMakeFiles/cmTryCompileExec2625343218.dir/CheckFunctionExists.c.o
/usr/bin/cc   -DCHECK_FUNCTION_EXISTS=pthread_create   -o CMakeFiles/cmTryCompileExec2625343218.dir/CheckFunctionExists.c.o   -c /usr/share/cmake-2.8/Modules/CheckFunctionExists.c
Linking C executable cmTryCompileExec2625343218
/usr/bin/cmake -E cmake_link_script CMakeFiles/cmTryCompileExec2625343218.dir/link.txt --verbose=1
/usr/bin/cc   -DCHECK_FUNCTION_EXISTS=pthread_create    CMakeFiles/cmTryCompileExec2625343218.dir/CheckFunctionExists.c.o  -o cmTryCompileExec2625343218 -rdynamic -lpthreads 
/usr/bin/ld: cannot find -lpthreads
collect2: error: ld returned 1 exit status
make[1]: *** [cmTryCompileExec2625343218] Error 1
make[1]: Leaving directory `/home/freg/ros/workspace/build/CMakeFiles/CMakeTmp'
make: *** [cmTryCompileExec2625343218/fast] Error 2


